<?xml version="1.0" encoding="UTF-8" ?>
<testsuite errors="0" failures="0" hostname="MacBook.local" name="FeedsTagLibTests" tests="1" time="0.071" timestamp="2008-02-28T17:10:23">
  <properties />
  <testcase classname="FeedsTagLibTests" name="testSomething" time="0.0" />
  <system-out><![CDATA[--Output from testSomething--
]]></system-out>
  <system-err><![CDATA[--Output from testSomething--
]]></system-err>
</testsuite>
